# JRE version: Java(TM) SE Runtime Environment (8.0_411) (build 1.8.0_411-b09)
# Java VM: Java HotSpot(TM) 64-Bit Server VM (25.411-b09 mixed mode windows-amd64 compressed oops)
Heap:
 PSYoungGen      total 320000K, used 135173K [0x00000000eab00000, 0x0000000100000000, 0x0000000100000000)
  eden space 304128K, 44% used [0x00000000eab00000,0x00000000f2f01468,0x00000000fd400000)
  from space 15872K, 0% used [0x00000000ff080000,0x00000000ff080000,0x0000000100000000)
  to   space 22528K, 0% used [0x00000000fd400000,0x00000000fd400000,0x00000000fea00000)
 ParOldGen       total 135168K, used 27830K [0x00000000c0000000, 0x00000000c8400000, 0x00000000eab00000)
  object space 135168K, 20% used [0x00000000c0000000,0x00000000c1b2d9a8,0x00000000c8400000)
 Metaspace       used 59765K, capacity 63670K, committed 64000K, reserved 1103872K
  class space    used 8661K, capacity 9365K, committed 9472K, reserved 1048576K
GC Heap History (10 events):
Event: 12.210 GC heap before
{Heap before GC invocations=7 (full 2):
 PSYoungGen      total 267264K, used 10532K [0x00000000eab00000, 0x0000000100000000, 0x0000000100000000)
  eden space 256512K, 0% used [0x00000000eab00000,0x00000000eab00000,0x00000000fa580000)
  from space 10752K, 97% used [0x00000000fa580000,0x00000000fafc9138,0x00000000fb000000)
  to   space 11264K, 0% used [0x00000000ff500000,0x00000000ff500000,0x0000000100000000)
 ParOldGen       total 82432K, used 7925K [0x00000000c0000000, 0x00000000c5080000, 0x00000000eab00000)
  object space 82432K, 9% used [0x00000000c0000000,0x00000000c07bd720,0x00000000c5080000)
 Metaspace       used 33225K, capacity 35344K, committed 35496K, reserved 1079296K
  class space    used 4639K, capacity 5070K, committed 5120K, reserved 1048576K
Event: 12.271 GC heap after
Heap after GC invocations=7 (full 2):
 PSYoungGen      total 267264K, used 0K [0x00000000eab00000, 0x0000000100000000, 0x0000000100000000)
  eden space 256512K, 0% used [0x00000000eab00000,0x00000000eab00000,0x00000000fa580000)
  from space 10752K, 0% used [0x00000000fa580000,0x00000000fa580000,0x00000000fb000000)
  to   space 11264K, 0% used [0x00000000ff500000,0x00000000ff500000,0x0000000100000000)
 ParOldGen       total 103936K, used 16658K [0x00000000c0000000, 0x00000000c6580000, 0x00000000eab00000)
  object space 103936K, 16% used [0x00000000c0000000,0x00000000c1044998,0x00000000c6580000)
 Metaspace       used 33225K, capacity 35344K, committed 35496K, reserved 1079296K
  class space    used 4639K, capacity 5070K, committed 5120K, reserved 1048576K
}
Event: 17.441 GC heap before
{Heap before GC invocations=8 (full 2):
 PSYoungGen      total 267264K, used 256512K [0x00000000eab00000, 0x0000000100000000, 0x0000000100000000)
  eden space 256512K, 100% used [0x00000000eab00000,0x00000000fa580000,0x00000000fa580000)
  from space 10752K, 0% used [0x00000000fa580000,0x00000000fa580000,0x00000000fb000000)
  to   space 11264K, 0% used [0x00000000ff500000,0x00000000ff500000,0x0000000100000000)
 ParOldGen       total 103936K, used 16658K [0x00000000c0000000, 0x00000000c6580000, 0x00000000eab00000)
  object space 103936K, 16% used [0x00000000c0000000,0x00000000c1044998,0x00000000c6580000)
 Metaspace       used 43778K, capacity 46312K, committed 46464K, reserved 1089536K
  class space    used 6206K, capacity 6696K, committed 6784K, reserved 1048576K
Event: 17.487 GC heap after
Heap after GC invocations=8 (full 2):
 PSYoungGen      total 328704K, used 11243K [0x00000000eab00000, 0x0000000100000000, 0x0000000100000000)
  eden space 317440K, 0% used [0x00000000eab00000,0x00000000eab00000,0x00000000fe100000)
  from space 11264K, 99% used [0x00000000ff500000,0x00000000ffffae68,0x0000000100000000)
  to   space 15872K, 0% used [0x00000000fe100000,0x00000000fe100000,0x00000000ff080000)
 ParOldGen       total 103936K, used 23630K [0x00000000c0000000, 0x00000000c6580000, 0x00000000eab00000)
  object space 103936K, 22% used [0x00000000c0000000,0x00000000c1713990,0x00000000c6580000)
 Metaspace       used 43778K, capacity 46312K, committed 46464K, reserved 1089536K
  class space    used 6206K, capacity 6696K, committed 6784K, reserved 1048576K
}
Event: 24.591 GC heap before
{Heap before GC invocations=9 (full 2):
 PSYoungGen      total 328704K, used 328683K [0x00000000eab00000, 0x0000000100000000, 0x0000000100000000)
  eden space 317440K, 100% used [0x00000000eab00000,0x00000000fe100000,0x00000000fe100000)
  from space 11264K, 99% used [0x00000000ff500000,0x00000000ffffae68,0x0000000100000000)
  to   space 15872K, 0% used [0x00000000fe100000,0x00000000fe100000,0x00000000ff080000)
 ParOldGen       total 103936K, used 23630K [0x00000000c0000000, 0x00000000c6580000, 0x00000000eab00000)
  object space 103936K, 22% used [0x00000000c0000000,0x00000000c1713990,0x00000000c6580000)
 Metaspace       used 53442K, capacity 56796K, committed 57088K, reserved 1097728K
  class space    used 7757K, capacity 8368K, committed 8448K, reserved 1048576K
Event: 24.636 GC heap after
Heap after GC invocations=9 (full 2):
 PSYoungGen      total 333312K, used 15847K [0x00000000eab00000, 0x0000000100000000, 0x0000000100000000)
  eden space 317440K, 0% used [0x00000000eab00000,0x00000000eab00000,0x00000000fe100000)
  from space 15872K, 99% used [0x00000000fe100000,0x00000000ff079ff8,0x00000000ff080000)
  to   space 15872K, 0% used [0x00000000ff080000,0x00000000ff080000,0x0000000100000000)
 ParOldGen       total 103936K, used 29802K [0x00000000c0000000, 0x00000000c6580000, 0x00000000eab00000)
  object space 103936K, 28% used [0x00000000c0000000,0x00000000c1d1ab30,0x00000000c6580000)
 Metaspace       used 53442K, capacity 56796K, committed 57088K, reserved 1097728K
  class space    used 7757K, capacity 8368K, committed 8448K, reserved 1048576K
}
Event: 25.971 GC heap before
{Heap before GC invocations=10 (full 2):
 PSYoungGen      total 333312K, used 121323K [0x00000000eab00000, 0x0000000100000000, 0x0000000100000000)
  eden space 317440K, 33% used [0x00000000eab00000,0x00000000f1200e40,0x00000000fe100000)
  from space 15872K, 99% used [0x00000000fe100000,0x00000000ff079ff8,0x00000000ff080000)
  to   space 15872K, 0% used [0x00000000ff080000,0x00000000ff080000,0x0000000100000000)
 ParOldGen       total 103936K, used 29802K [0x00000000c0000000, 0x00000000c6580000, 0x00000000eab00000)
  object space 103936K, 28% used [0x00000000c0000000,0x00000000c1d1ab30,0x00000000c6580000)
 Metaspace       used 55557K, capacity 59116K, committed 59136K, reserved 1099776K
  class space    used 8049K, capacity 8690K, committed 8704K, reserved 1048576K
Event: 25.995 GC heap after
Heap after GC invocations=10 (full 2):
 PSYoungGen      total 320000K, used 15855K [0x00000000eab00000, 0x0000000100000000, 0x0000000100000000)
  eden space 304128K, 0% used [0x00000000eab00000,0x00000000eab00000,0x00000000fd400000)
  from space 15872K, 99% used [0x00000000ff080000,0x00000000ffffbff8,0x0000000100000000)
  to   space 22528K, 0% used [0x00000000fd400000,0x00000000fd400000,0x00000000fea00000)
 ParOldGen       total 103936K, used 31656K [0x00000000c0000000, 0x00000000c6580000, 0x00000000eab00000)
  object space 103936K, 30% used [0x00000000c0000000,0x00000000c1eea3e0,0x00000000c6580000)
 Metaspace       used 55557K, capacity 59116K, committed 59136K, reserved 1099776K
  class space    used 8049K, capacity 8690K, committed 8704K, reserved 1048576K
}
Event: 25.995 GC heap before
{Heap before GC invocations=11 (full 3):
 PSYoungGen      total 320000K, used 15855K [0x00000000eab00000, 0x0000000100000000, 0x0000000100000000)
  eden space 304128K, 0% used [0x00000000eab00000,0x00000000eab00000,0x00000000fd400000)
  from space 15872K, 99% used [0x00000000ff080000,0x00000000ffffbff8,0x0000000100000000)
  to   space 22528K, 0% used [0x00000000fd400000,0x00000000fd400000,0x00000000fea00000)
 ParOldGen       total 103936K, used 31656K [0x00000000c0000000, 0x00000000c6580000, 0x00000000eab00000)
  object space 103936K, 30% used [0x00000000c0000000,0x00000000c1eea3e0,0x00000000c6580000)
 Metaspace       used 55557K, capacity 59116K, committed 59136K, reserved 1099776K
  class space    used 8049K, capacity 8690K, committed 8704K, reserved 1048576K
Event: 26.202 GC heap after
Heap after GC invocations=11 (full 3):
 PSYoungGen      total 320000K, used 0K [0x00000000eab00000, 0x0000000100000000, 0x0000000100000000)
  eden space 304128K, 0% used [0x00000000eab00000,0x00000000eab00000,0x00000000fd400000)
  from space 15872K, 0% used [0x00000000ff080000,0x00000000ff080000,0x0000000100000000)
  to   space 22528K, 0% used [0x00000000fd400000,0x00000000fd400000,0x00000000fea00000)
 ParOldGen       total 135168K, used 27830K [0x00000000c0000000, 0x00000000c8400000, 0x00000000eab00000)
  object space 135168K, 20% used [0x00000000c0000000,0x00000000c1b2d9a8,0x00000000c8400000)
 Metaspace       used 55557K, capacity 59116K, committed 59136K, reserved 1099776K
  class space    used 8049K, capacity 8690K, committed 8704K, reserved 1048576K
}

