# JRE version: Java(TM) SE Runtime Environment (8.0_411) (build 1.8.0_411-b09)
# Java VM: Java HotSpot(TM) 64-Bit Server VM (25.411-b09 mixed mode windows-amd64 compressed oops)
Heap:
 PSYoungGen      total 207360K, used 78218K [0x00000000eab00000, 0x00000000f9d80000, 0x0000000100000000)
  eden space 194048K, 40% used [0x00000000eab00000,0x00000000ef762850,0x00000000f6880000)
  from space 13312K, 0% used [0x00000000f7980000,0x00000000f7980000,0x00000000f8680000)
  to   space 17408K, 0% used [0x00000000f6880000,0x00000000f6880000,0x00000000f7980000)
 ParOldGen       total 155648K, used 23938K [0x00000000c0000000, 0x00000000c9800000, 0x00000000eab00000)
  object space 155648K, 15% used [0x00000000c0000000,0x00000000c1760920,0x00000000c9800000)
 Metaspace       used 38539K, capacity 40370K, committed 40576K, reserved 1083392K
  class space    used 5404K, capacity 5739K, committed 5760K, reserved 1048576K
GC Heap History (10 events):
Event: 7.517 GC heap before
{Heap before GC invocations=4 (full 1):
 PSYoungGen      total 75264K, used 9454K [0x00000000eab00000, 0x00000000f3e00000, 0x0000000100000000)
  eden space 64512K, 0% used [0x00000000eab00000,0x00000000eab00000,0x00000000eea00000)
  from space 10752K, 87% used [0x00000000eea00000,0x00000000ef33bae8,0x00000000ef480000)
  to   space 10752K, 0% used [0x00000000f3380000,0x00000000f3380000,0x00000000f3e00000)
 ParOldGen       total 172032K, used 411K [0x00000000c0000000, 0x00000000ca800000, 0x00000000eab00000)
  object space 172032K, 0% used [0x00000000c0000000,0x00000000c0066e18,0x00000000ca800000)
 Metaspace       used 20605K, capacity 21262K, committed 21296K, reserved 1067008K
  class space    used 2788K, capacity 2939K, committed 2944K, reserved 1048576K
Event: 7.563 GC heap after
Heap after GC invocations=4 (full 1):
 PSYoungGen      total 75264K, used 0K [0x00000000eab00000, 0x00000000f3e00000, 0x0000000100000000)
  eden space 64512K, 0% used [0x00000000eab00000,0x00000000eab00000,0x00000000eea00000)
  from space 10752K, 0% used [0x00000000eea00000,0x00000000eea00000,0x00000000ef480000)
  to   space 10752K, 0% used [0x00000000f3380000,0x00000000f3380000,0x00000000f3e00000)
 ParOldGen       total 91648K, used 9283K [0x00000000c0000000, 0x00000000c5980000, 0x00000000eab00000)
  object space 91648K, 10% used [0x00000000c0000000,0x00000000c0910fc0,0x00000000c5980000)
 Metaspace       used 20605K, capacity 21262K, committed 21296K, reserved 1067008K
  class space    used 2788K, capacity 2939K, committed 2944K, reserved 1048576K
}
Event: 8.529 GC heap before
{Heap before GC invocations=5 (full 1):
 PSYoungGen      total 75264K, used 64512K [0x00000000eab00000, 0x00000000f3e00000, 0x0000000100000000)
  eden space 64512K, 100% used [0x00000000eab00000,0x00000000eea00000,0x00000000eea00000)
  from space 10752K, 0% used [0x00000000eea00000,0x00000000eea00000,0x00000000ef480000)
  to   space 10752K, 0% used [0x00000000f3380000,0x00000000f3380000,0x00000000f3e00000)
 ParOldGen       total 91648K, used 9283K [0x00000000c0000000, 0x00000000c5980000, 0x00000000eab00000)
  object space 91648K, 10% used [0x00000000c0000000,0x00000000c0910fc0,0x00000000c5980000)
 Metaspace       used 23050K, capacity 23774K, committed 24064K, reserved 1071104K
  class space    used 3063K, capacity 3215K, committed 3328K, reserved 1048576K
Event: 8.549 GC heap after
Heap after GC invocations=5 (full 1):
 PSYoungGen      total 118272K, used 5426K [0x00000000eab00000, 0x00000000f3900000, 0x0000000100000000)
  eden space 112640K, 0% used [0x00000000eab00000,0x00000000eab00000,0x00000000f1900000)
  from space 5632K, 96% used [0x00000000f3380000,0x00000000f38cca88,0x00000000f3900000)
  to   space 10752K, 0% used [0x00000000f2400000,0x00000000f2400000,0x00000000f2e80000)
 ParOldGen       total 91648K, used 9291K [0x00000000c0000000, 0x00000000c5980000, 0x00000000eab00000)
  object space 91648K, 10% used [0x00000000c0000000,0x00000000c0912fc0,0x00000000c5980000)
 Metaspace       used 23050K, capacity 23774K, committed 24064K, reserved 1071104K
  class space    used 3063K, capacity 3215K, committed 3328K, reserved 1048576K
}
Event: 9.642 GC heap before
{Heap before GC invocations=6 (full 1):
 PSYoungGen      total 118272K, used 118066K [0x00000000eab00000, 0x00000000f3900000, 0x0000000100000000)
  eden space 112640K, 100% used [0x00000000eab00000,0x00000000f1900000,0x00000000f1900000)
  from space 5632K, 96% used [0x00000000f3380000,0x00000000f38cca88,0x00000000f3900000)
  to   space 10752K, 0% used [0x00000000f2400000,0x00000000f2400000,0x00000000f2e80000)
 ParOldGen       total 91648K, used 9291K [0x00000000c0000000, 0x00000000c5980000, 0x00000000eab00000)
  object space 91648K, 10% used [0x00000000c0000000,0x00000000c0912fc0,0x00000000c5980000)
 Metaspace       used 25053K, capacity 26216K, committed 26496K, reserved 1073152K
  class space    used 3382K, capacity 3606K, committed 3712K, reserved 1048576K
Event: 9.666 GC heap after
Heap after GC invocations=6 (full 1):
 PSYoungGen      total 134656K, used 10729K [0x00000000eab00000, 0x00000000f8680000, 0x0000000100000000)
  eden space 123904K, 0% used [0x00000000eab00000,0x00000000eab00000,0x00000000f2400000)
  from space 10752K, 99% used [0x00000000f2400000,0x00000000f2e7a640,0x00000000f2e80000)
  to   space 13312K, 0% used [0x00000000f7980000,0x00000000f7980000,0x00000000f8680000)
 ParOldGen       total 91648K, used 9611K [0x00000000c0000000, 0x00000000c5980000, 0x00000000eab00000)
  object space 91648K, 10% used [0x00000000c0000000,0x00000000c0962f78,0x00000000c5980000)
 Metaspace       used 25053K, capacity 26216K, committed 26496K, reserved 1073152K
  class space    used 3382K, capacity 3606K, committed 3712K, reserved 1048576K
}
Event: 12.394 GC heap before
{Heap before GC invocations=7 (full 1):
 PSYoungGen      total 134656K, used 130661K [0x00000000eab00000, 0x00000000f8680000, 0x0000000100000000)
  eden space 123904K, 96% used [0x00000000eab00000,0x00000000f201ee88,0x00000000f2400000)
  from space 10752K, 99% used [0x00000000f2400000,0x00000000f2e7a640,0x00000000f2e80000)
  to   space 13312K, 0% used [0x00000000f7980000,0x00000000f7980000,0x00000000f8680000)
 ParOldGen       total 91648K, used 9611K [0x00000000c0000000, 0x00000000c5980000, 0x00000000eab00000)
  object space 91648K, 10% used [0x00000000c0000000,0x00000000c0962f78,0x00000000c5980000)
 Metaspace       used 34006K, capacity 35380K, committed 35496K, reserved 1079296K
  class space    used 4748K, capacity 5046K, committed 5120K, reserved 1048576K
Event: 12.412 GC heap after
Heap after GC invocations=7 (full 1):
 PSYoungGen      total 207360K, used 13308K [0x00000000eab00000, 0x00000000f9d80000, 0x0000000100000000)
  eden space 194048K, 0% used [0x00000000eab00000,0x00000000eab00000,0x00000000f6880000)
  from space 13312K, 99% used [0x00000000f7980000,0x00000000f867f188,0x00000000f8680000)
  to   space 17408K, 0% used [0x00000000f6880000,0x00000000f6880000,0x00000000f7980000)
 ParOldGen       total 91648K, used 13763K [0x00000000c0000000, 0x00000000c5980000, 0x00000000eab00000)
  object space 91648K, 15% used [0x00000000c0000000,0x00000000c0d70ec8,0x00000000c5980000)
 Metaspace       used 34006K, capacity 35380K, committed 35496K, reserved 1079296K
  class space    used 4748K, capacity 5046K, committed 5120K, reserved 1048576K
}
Event: 12.412 GC heap before
{Heap before GC invocations=8 (full 2):
 PSYoungGen      total 207360K, used 13308K [0x00000000eab00000, 0x00000000f9d80000, 0x0000000100000000)
  eden space 194048K, 0% used [0x00000000eab00000,0x00000000eab00000,0x00000000f6880000)
  from space 13312K, 99% used [0x00000000f7980000,0x00000000f867f188,0x00000000f8680000)
  to   space 17408K, 0% used [0x00000000f6880000,0x00000000f6880000,0x00000000f7980000)
 ParOldGen       total 91648K, used 13763K [0x00000000c0000000, 0x00000000c5980000, 0x00000000eab00000)
  object space 91648K, 15% used [0x00000000c0000000,0x00000000c0d70ec8,0x00000000c5980000)
 Metaspace       used 34006K, capacity 35380K, committed 35496K, reserved 1079296K
  class space    used 4748K, capacity 5046K, committed 5120K, reserved 1048576K
Event: 12.595 GC heap after
Heap after GC invocations=8 (full 2):
 PSYoungGen      total 207360K, used 0K [0x00000000eab00000, 0x00000000f9d80000, 0x0000000100000000)
  eden space 194048K, 0% used [0x00000000eab00000,0x00000000eab00000,0x00000000f6880000)
  from space 13312K, 0% used [0x00000000f7980000,0x00000000f7980000,0x00000000f8680000)
  to   space 17408K, 0% used [0x00000000f6880000,0x00000000f6880000,0x00000000f7980000)
 ParOldGen       total 155648K, used 23938K [0x00000000c0000000, 0x00000000c9800000, 0x00000000eab00000)
  object space 155648K, 15% used [0x00000000c0000000,0x00000000c1760920,0x00000000c9800000)
 Metaspace       used 34006K, capacity 35380K, committed 35496K, reserved 1079296K
  class space    used 4748K, capacity 5046K, committed 5120K, reserved 1048576K
}

